<?xml version="1.0" encoding="UTF-8"?>
<testng-results ignored="0" total="10" passed="10" failed="0" skipped="0">
  <reporter-output>
  </reporter-output>
  <suite started-at="2026-09-17T01:56:53 IST" name="Zenith Buildtech Online Enquiry Suite" finished-at="2026-09-17T01:57:17 IST" duration-ms="23913">
    <groups>
    </groups>
    <test started-at="2026-09-17T01:56:53 IST" name="Online Enquiry Tests" finished-at="2026-09-17T01:57:17 IST" duration-ms="23913">
      <class name="zenith.OnlineEnquiryTest">
        <test-method is-config="true" signature="setup()[pri:0, instance:zenith.OnlineEnquiryTest@459e9125]" started-at="2026-09-17T01:56:53 IST" name="setup" finished-at="2026-09-17T01:56:54 IST" duration-ms="1783" status="PASS">
          <reporter-output>
          </reporter-output>
        </test-method> <!-- setup -->
        <test-method signature="validEnquirySubmission()[pri:1, instance:zenith.OnlineEnquiryTest@459e9125]" started-at="2026-09-17T01:56:54 IST" name="validEnquirySubmission" finished-at="2026-09-17T01:56:56 IST" duration-ms="1441" status="PASS">
          <reporter-output>
          </reporter-output>
        </test-method> <!-- validEnquirySubmission -->
        <test-method is-config="true" signature="tearDown()[pri:0, instance:zenith.OnlineEnquiryTest@459e9125]" started-at="2026-09-17T01:56:56 IST" name="tearDown" finished-at="2026-09-17T01:56:56 IST" duration-ms="272" status="PASS">
          <reporter-output>
          </reporter-output>
        </test-method> <!-- tearDown -->
        <test-method is-config="true" signature="setup()[pri:0, instance:zenith.OnlineEnquiryTest@459e9125]" started-at="2026-09-17T01:56:56 IST" name="setup" finished-at="2026-09-17T01:56:57 IST" duration-ms="1282" status="PASS">
          <reporter-output>
          </reporter-output>
        </test-method> <!-- setup -->
        <test-method signature="mandatoryFieldsValidation()[pri:2, instance:zenith.OnlineEnquiryTest@459e9125]" started-at="2026-09-17T01:56:57 IST" name="mandatoryFieldsValidation" finished-at="2026-09-17T01:56:58 IST" duration-ms="494" status="PASS">
          <reporter-output>
          </reporter-output>
        </test-method> <!-- mandatoryFieldsValidation -->
        <test-method is-config="true" signature="tearDown()[pri:0, instance:zenith.OnlineEnquiryTest@459e9125]" started-at="2026-09-17T01:56:58 IST" name="tearDown" finished-at="2026-09-17T01:56:58 IST" duration-ms="240" status="PASS">
          <reporter-output>
          </reporter-output>
        </test-method> <!-- tearDown -->
        <test-method is-config="true" signature="setup()[pri:0, instance:zenith.OnlineEnquiryTest@459e9125]" started-at="2026-09-17T01:56:58 IST" name="setup" finished-at="2026-09-17T01:56:59 IST" duration-ms="1215" status="PASS">
          <reporter-output>
          </reporter-output>
        </test-method> <!-- setup -->
        <test-method signature="nameValidation()[pri:3, instance:zenith.OnlineEnquiryTest@459e9125]" started-at="2026-09-17T01:56:59 IST" name="nameValidation" finished-at="2026-09-17T01:57:00 IST" duration-ms="824" status="PASS">
          <reporter-output>
          </reporter-output>
        </test-method> <!-- nameValidation -->
        <test-method is-config="true" signature="tearDown()[pri:0, instance:zenith.OnlineEnquiryTest@459e9125]" started-at="2026-09-17T01:57:00 IST" name="tearDown" finished-at="2026-09-17T01:57:00 IST" duration-ms="244" status="PASS">
          <reporter-output>
          </reporter-output>
        </test-method> <!-- tearDown -->
        <test-method is-config="true" signature="setup()[pri:0, instance:zenith.OnlineEnquiryTest@459e9125]" started-at="2026-09-17T01:57:00 IST" name="setup" finished-at="2026-09-17T01:57:02 IST" duration-ms="1249" status="PASS">
          <reporter-output>
          </reporter-output>
        </test-method> <!-- setup -->
        <test-method signature="phoneValidation()[pri:4, instance:zenith.OnlineEnquiryTest@459e9125]" started-at="2026-09-17T01:57:02 IST" name="phoneValidation" finished-at="2026-09-17T01:57:03 IST" duration-ms="924" status="PASS">
          <reporter-output>
          </reporter-output>
        </test-method> <!-- phoneValidation -->
        <test-method is-config="true" signature="tearDown()[pri:0, instance:zenith.OnlineEnquiryTest@459e9125]" started-at="2026-09-17T01:57:03 IST" name="tearDown" finished-at="2026-09-17T01:57:03 IST" duration-ms="210" status="PASS">
          <reporter-output>
          </reporter-output>
        </test-method> <!-- tearDown -->
        <test-method is-config="true" signature="setup()[pri:0, instance:zenith.OnlineEnquiryTest@459e9125]" started-at="2026-09-17T01:57:03 IST" name="setup" finished-at="2026-09-17T01:57:04 IST" duration-ms="1142" status="PASS">
          <reporter-output>
          </reporter-output>
        </test-method> <!-- setup -->
        <test-method signature="emailValidation()[pri:5, instance:zenith.OnlineEnquiryTest@459e9125]" started-at="2026-09-17T01:57:04 IST" name="emailValidation" finished-at="2026-09-17T01:57:05 IST" duration-ms="878" status="PASS">
          <reporter-output>
          </reporter-output>
        </test-method> <!-- emailValidation -->
        <test-method is-config="true" signature="tearDown()[pri:0, instance:zenith.OnlineEnquiryTest@459e9125]" started-at="2026-09-17T01:57:05 IST" name="tearDown" finished-at="2026-09-17T01:57:05 IST" duration-ms="219" status="PASS">
          <reporter-output>
          </reporter-output>
        </test-method> <!-- tearDown -->
        <test-method is-config="true" signature="setup()[pri:0, instance:zenith.OnlineEnquiryTest@459e9125]" started-at="2026-09-17T01:57:05 IST" name="setup" finished-at="2026-09-17T01:57:06 IST" duration-ms="1120" status="PASS">
          <reporter-output>
          </reporter-output>
        </test-method> <!-- setup -->
        <test-method signature="pinCodeValidation()[pri:6, instance:zenith.OnlineEnquiryTest@459e9125]" started-at="2026-09-17T01:57:06 IST" name="pinCodeValidation" finished-at="2026-09-17T01:57:07 IST" duration-ms="973" status="PASS">
          <reporter-output>
          </reporter-output>
        </test-method> <!-- pinCodeValidation -->
        <test-method is-config="true" signature="tearDown()[pri:0, instance:zenith.OnlineEnquiryTest@459e9125]" started-at="2026-09-17T01:57:07 IST" name="tearDown" finished-at="2026-09-17T01:57:07 IST" duration-ms="229" status="PASS">
          <reporter-output>
          </reporter-output>
        </test-method> <!-- tearDown -->
        <test-method is-config="true" signature="setup()[pri:0, instance:zenith.OnlineEnquiryTest@459e9125]" started-at="2026-09-17T01:57:07 IST" name="setup" finished-at="2026-09-17T01:57:09 IST" duration-ms="1164" status="PASS">
          <reporter-output>
          </reporter-output>
        </test-method> <!-- setup -->
        <test-method signature="clearFunctionality()[pri:7, instance:zenith.OnlineEnquiryTest@459e9125]" started-at="2026-09-17T01:57:09 IST" name="clearFunctionality" finished-at="2026-09-17T01:57:09 IST" duration-ms="866" status="PASS">
          <reporter-output>
          </reporter-output>
        </test-method> <!-- clearFunctionality -->
        <test-method is-config="true" signature="tearDown()[pri:0, instance:zenith.OnlineEnquiryTest@459e9125]" started-at="2026-09-17T01:57:09 IST" name="tearDown" finished-at="2026-09-17T01:57:10 IST" duration-ms="214" status="PASS">
          <reporter-output>
          </reporter-output>
        </test-method> <!-- tearDown -->
        <test-method is-config="true" signature="setup()[pri:0, instance:zenith.OnlineEnquiryTest@459e9125]" started-at="2026-09-17T01:57:10 IST" name="setup" finished-at="2026-09-17T01:57:11 IST" duration-ms="1160" status="PASS">
          <reporter-output>
          </reporter-output>
        </test-method> <!-- setup -->
        <test-method signature="companyAndCityOptional()[pri:8, instance:zenith.OnlineEnquiryTest@459e9125]" started-at="2026-09-17T01:57:11 IST" name="companyAndCityOptional" finished-at="2026-09-17T01:57:12 IST" duration-ms="1227" status="PASS">
          <reporter-output>
          </reporter-output>
        </test-method> <!-- companyAndCityOptional -->
        <test-method is-config="true" signature="tearDown()[pri:0, instance:zenith.OnlineEnquiryTest@459e9125]" started-at="2026-09-17T01:57:12 IST" name="tearDown" finished-at="2026-09-17T01:57:12 IST" duration-ms="186" status="PASS">
          <reporter-output>
          </reporter-output>
        </test-method> <!-- tearDown -->
        <test-method is-config="true" signature="setup()[pri:0, instance:zenith.OnlineEnquiryTest@459e9125]" started-at="2026-09-17T01:57:12 IST" name="setup" finished-at="2026-09-17T01:57:13 IST" duration-ms="1186" status="PASS">
          <reporter-output>
          </reporter-output>
        </test-method> <!-- setup -->
        <test-method signature="addressMandatoryValidation()[pri:9, instance:zenith.OnlineEnquiryTest@459e9125]" started-at="2026-09-17T01:57:13 IST" name="addressMandatoryValidation" finished-at="2026-09-17T01:57:14 IST" duration-ms="762" status="PASS">
          <reporter-output>
          </reporter-output>
        </test-method> <!-- addressMandatoryValidation -->
        <test-method is-config="true" signature="tearDown()[pri:0, instance:zenith.OnlineEnquiryTest@459e9125]" started-at="2026-09-17T01:57:14 IST" name="tearDown" finished-at="2026-09-17T01:57:14 IST" duration-ms="196" status="PASS">
          <reporter-output>
          </reporter-output>
        </test-method> <!-- tearDown -->
        <test-method is-config="true" signature="setup()[pri:0, instance:zenith.OnlineEnquiryTest@459e9125]" started-at="2026-09-17T01:57:14 IST" name="setup" finished-at="2026-09-17T01:57:16 IST" duration-ms="1172" status="PASS">
          <reporter-output>
          </reporter-output>
        </test-method> <!-- setup -->
        <test-method signature="messageMandatoryValidation()[pri:10, instance:zenith.OnlineEnquiryTest@459e9125]" started-at="2026-09-17T01:57:16 IST" name="messageMandatoryValidation" finished-at="2026-09-17T01:57:16 IST" duration-ms="676" status="PASS">
          <reporter-output>
          </reporter-output>
        </test-method> <!-- messageMandatoryValidation -->
        <test-method is-config="true" signature="tearDown()[pri:0, instance:zenith.OnlineEnquiryTest@459e9125]" started-at="2026-09-17T01:57:16 IST" name="tearDown" finished-at="2026-09-17T01:57:17 IST" duration-ms="252" status="PASS">
          <reporter-output>
          </reporter-output>
        </test-method> <!-- tearDown -->
      </class> <!-- zenith.OnlineEnquiryTest -->
    </test> <!-- Online Enquiry Tests -->
  </suite> <!-- Zenith Buildtech Online Enquiry Suite -->
</testng-results>
