<?xml version="1.0" encoding="UTF-8"?>
<!-- Generated by org.testng.reporters.JUnitReportReporter -->
<testsuite hostname="Srivatsav" failures="0" tests="10" name="zenith.OnlineEnquiryTest" time="23.800" errors="0" timestamp="2026-09-17T01:57:17 IST" skipped="0">
  <testcase classname="zenith.OnlineEnquiryTest" name="validEnquirySubmission" time="2.933"/>
  <testcase classname="zenith.OnlineEnquiryTest" name="mandatoryFieldsValidation" time="1.832"/>
  <testcase classname="zenith.OnlineEnquiryTest" name="nameValidation" time="2.859"/>
  <testcase classname="zenith.OnlineEnquiryTest" name="phoneValidation" time="2.325"/>
  <testcase classname="zenith.OnlineEnquiryTest" name="emailValidation" time="2.271"/>
  <testcase classname="zenith.OnlineEnquiryTest" name="pinCodeValidation" time="2.378"/>
  <testcase classname="zenith.OnlineEnquiryTest" name="clearFunctionality" time="2.329"/>
  <testcase classname="zenith.OnlineEnquiryTest" name="companyAndCityOptional" time="2.671"/>
  <testcase classname="zenith.OnlineEnquiryTest" name="addressMandatoryValidation" time="2.122"/>
  <testcase classname="zenith.OnlineEnquiryTest" name="messageMandatoryValidation" time="2.080"/>
</testsuite> <!-- zenith.OnlineEnquiryTest -->
