<?xml version="1.0" encoding="UTF-8"?>
<!-- Generated by org.testng.reporters.JUnitXMLReporter -->
<testsuite ignored="0" hostname="Srivatsav" failures="0" tests="10" name="Online Enquiry Tests" time="23.913" errors="0" timestamp="2026-09-17T01:57:17 IST">
  <testcase classname="zenith.OnlineEnquiryTest" name="validEnquirySubmission" time="1.441"/>
  <testcase classname="zenith.OnlineEnquiryTest" name="mandatoryFieldsValidation" time="0.494"/>
  <testcase classname="zenith.OnlineEnquiryTest" name="nameValidation" time="0.824"/>
  <testcase classname="zenith.OnlineEnquiryTest" name="phoneValidation" time="0.924"/>
  <testcase classname="zenith.OnlineEnquiryTest" name="emailValidation" time="0.878"/>
  <testcase classname="zenith.OnlineEnquiryTest" name="pinCodeValidation" time="0.973"/>
  <testcase classname="zenith.OnlineEnquiryTest" name="clearFunctionality" time="0.866"/>
  <testcase classname="zenith.OnlineEnquiryTest" name="companyAndCityOptional" time="1.227"/>
  <testcase classname="zenith.OnlineEnquiryTest" name="addressMandatoryValidation" time="0.762"/>
  <testcase classname="zenith.OnlineEnquiryTest" name="messageMandatoryValidation" time="0.676"/>
</testsuite> <!-- Online Enquiry Tests -->
