<?xml version="1.0" encoding="UTF-8"?>
<!-- Generated by org.testng.reporters.JUnitXMLReporter -->
<testsuite ignored="0" hostname="Srivatsav" failures="0" tests="10" name="Online Enquiry Tests" time="27.858" errors="0" timestamp="2026-09-17T01:56:41 IST">
  <testcase classname="zenith.OnlineEnquiryTest" name="validEnquirySubmission" time="2.024"/>
  <testcase classname="zenith.OnlineEnquiryTest" name="mandatoryFieldsValidation" time="0.645"/>
  <testcase classname="zenith.OnlineEnquiryTest" name="nameValidation" time="1.004"/>
  <testcase classname="zenith.OnlineEnquiryTest" name="phoneValidation" time="0.811"/>
  <testcase classname="zenith.OnlineEnquiryTest" name="emailValidation" time="0.913"/>
  <testcase classname="zenith.OnlineEnquiryTest" name="pinCodeValidation" time="0.872"/>
  <testcase classname="zenith.OnlineEnquiryTest" name="clearFunctionality" time="0.798"/>
  <testcase classname="zenith.OnlineEnquiryTest" name="companyAndCityOptional" time="1.6"/>
  <testcase classname="zenith.OnlineEnquiryTest" name="addressMandatoryValidation" time="1.176"/>
  <testcase classname="zenith.OnlineEnquiryTest" name="messageMandatoryValidation" time="1.056"/>
</testsuite> <!-- Online Enquiry Tests -->
