<?xml version="1.0" encoding="UTF-8"?>
<!-- Generated by org.testng.reporters.JUnitReportReporter -->
<testsuite hostname="Srivatsav" failures="0" tests="10" name="zenith.OnlineEnquiryTest" time="27.743" errors="0" timestamp="2026-09-17T01:56:41 IST" skipped="0">
  <testcase classname="zenith.OnlineEnquiryTest" name="validEnquirySubmission" time="3.610"/>
  <testcase classname="zenith.OnlineEnquiryTest" name="mandatoryFieldsValidation" time="2.121"/>
  <testcase classname="zenith.OnlineEnquiryTest" name="nameValidation" time="2.430"/>
  <testcase classname="zenith.OnlineEnquiryTest" name="phoneValidation" time="2.555"/>
  <testcase classname="zenith.OnlineEnquiryTest" name="emailValidation" time="2.561"/>
  <testcase classname="zenith.OnlineEnquiryTest" name="pinCodeValidation" time="2.471"/>
  <testcase classname="zenith.OnlineEnquiryTest" name="clearFunctionality" time="2.223"/>
  <testcase classname="zenith.OnlineEnquiryTest" name="companyAndCityOptional" time="4.516"/>
  <testcase classname="zenith.OnlineEnquiryTest" name="addressMandatoryValidation" time="2.743"/>
  <testcase classname="zenith.OnlineEnquiryTest" name="messageMandatoryValidation" time="2.513"/>
</testsuite> <!-- zenith.OnlineEnquiryTest -->
